<?xml version="1.0" encoding="UTF-8"?>
<!-- Generated by org.testng.reporters.JUnitXMLReporter -->
<testsuite hostname="DESKTOP-G33RIEV" name="case1" tests="4" failures="0" timestamp="26 Sep 2016 02:01:36 GMT" time="0.033" errors="0">
  <testcase name="runTest1" time="0.006" classname="unittesting.testng.beforeafter.TestNGConfiguration"/>
  <testcase name="runTest2" time="0.002" classname="unittesting.testng.beforeafter.TestNGConfiguration"/>
  <testcase name="runOtherTest1" time="0.001" classname="unittesting.testng.beforeafter.TestDBConnection"/>
  <testcase name="runOtherTest2" time="0.002" classname="unittesting.testng.beforeafter.TestDBConnection"/>
</testsuite> <!-- case1 -->
