<?xml version="1.0" encoding="UTF-8"?>
<testng-results skipped="0" failed="0" total="6" passed="6">
  <reporter-output>
  </reporter-output>
  <suite name="TestAll" duration-ms="77" started-at="2016-09-26T02:01:36Z" finished-at="2016-09-26T02:01:36Z">
    <groups>
      <group name="greetings">
        <method signature="TestNGConfiguration.runTest1()[pri:0, instance:unittesting.testng.beforeafter.TestNGConfiguration@5ae9a829]" name="runTest1" class="unittesting.testng.beforeafter.TestNGConfiguration"/>
      </group> <!-- greetings -->
    </groups>
    <test name="case1" duration-ms="33" started-at="2016-09-26T02:01:36Z" finished-at="2016-09-26T02:01:36Z">
      <class name="unittesting.testng.beforeafter.TestNGConfiguration">
        <test-method status="PASS" signature="beforeClass()[pri:0, instance:unittesting.testng.beforeafter.TestNGConfiguration@5ae9a829]" name="beforeClass" is-config="true" duration-ms="0" started-at="2016-09-26T04:01:36Z" finished-at="2016-09-26T04:01:36Z">
          <reporter-output>
          </reporter-output>
        </test-method> <!-- beforeClass -->
        <test-method status="PASS" signature="beforeGroups()[pri:0, instance:unittesting.testng.beforeafter.TestNGConfiguration@5ae9a829]" name="beforeGroups" is-config="true" duration-ms="1" started-at="2016-09-26T04:01:36Z" finished-at="2016-09-26T04:01:36Z">
          <reporter-output>
          </reporter-output>
        </test-method> <!-- beforeGroups -->
        <test-method status="PASS" signature="beforeMethod()[pri:0, instance:unittesting.testng.beforeafter.TestNGConfiguration@5ae9a829]" name="beforeMethod" is-config="true" duration-ms="0" started-at="2016-09-26T04:01:36Z" finished-at="2016-09-26T04:01:36Z">
          <reporter-output>
          </reporter-output>
        </test-method> <!-- beforeMethod -->
        <test-method status="PASS" signature="runTest1()[pri:0, instance:unittesting.testng.beforeafter.TestNGConfiguration@5ae9a829]" name="runTest1" duration-ms="6" started-at="2016-09-26T04:01:36Z" finished-at="2016-09-26T04:01:36Z">
          <reporter-output>
          </reporter-output>
        </test-method> <!-- runTest1 -->
        <test-method status="PASS" signature="afterMethod()[pri:0, instance:unittesting.testng.beforeafter.TestNGConfiguration@5ae9a829]" name="afterMethod" is-config="true" duration-ms="0" started-at="2016-09-26T04:01:36Z" finished-at="2016-09-26T04:01:36Z">
          <reporter-output>
          </reporter-output>
        </test-method> <!-- afterMethod -->
        <test-method status="PASS" signature="afterGroups()[pri:0, instance:unittesting.testng.beforeafter.TestNGConfiguration@5ae9a829]" name="afterGroups" is-config="true" duration-ms="1" started-at="2016-09-26T04:01:36Z" finished-at="2016-09-26T04:01:36Z">
          <reporter-output>
          </reporter-output>
        </test-method> <!-- afterGroups -->
        <test-method status="PASS" signature="beforeMethod()[pri:0, instance:unittesting.testng.beforeafter.TestNGConfiguration@5ae9a829]" name="beforeMethod" is-config="true" duration-ms="0" started-at="2016-09-26T04:01:36Z" finished-at="2016-09-26T04:01:36Z">
          <reporter-output>
          </reporter-output>
        </test-method> <!-- beforeMethod -->
        <test-method status="PASS" signature="runTest2()[pri:0, instance:unittesting.testng.beforeafter.TestNGConfiguration@5ae9a829]" name="runTest2" duration-ms="2" started-at="2016-09-26T04:01:36Z" finished-at="2016-09-26T04:01:36Z">
          <reporter-output>
          </reporter-output>
        </test-method> <!-- runTest2 -->
        <test-method status="PASS" signature="afterMethod()[pri:0, instance:unittesting.testng.beforeafter.TestNGConfiguration@5ae9a829]" name="afterMethod" is-config="true" duration-ms="0" started-at="2016-09-26T04:01:36Z" finished-at="2016-09-26T04:01:36Z">
          <reporter-output>
          </reporter-output>
        </test-method> <!-- afterMethod -->
        <test-method status="PASS" signature="afterClass()[pri:0, instance:unittesting.testng.beforeafter.TestNGConfiguration@5ae9a829]" name="afterClass" is-config="true" duration-ms="0" started-at="2016-09-26T04:01:36Z" finished-at="2016-09-26T04:01:36Z">
          <reporter-output>
          </reporter-output>
        </test-method> <!-- afterClass -->
      </class> <!-- unittesting.testng.beforeafter.TestNGConfiguration -->
      <class name="unittesting.testng.beforeafter.TestDBConnection">
        <test-method status="PASS" signature="runOtherTest1()[pri:0, instance:unittesting.testng.beforeafter.TestDBConnection@6d8a00e3]" name="runOtherTest1" duration-ms="1" started-at="2016-09-26T04:01:36Z" finished-at="2016-09-26T04:01:36Z">
          <reporter-output>
          </reporter-output>
        </test-method> <!-- runOtherTest1 -->
        <test-method status="PASS" signature="runOtherTest2()[pri:0, instance:unittesting.testng.beforeafter.TestDBConnection@6d8a00e3]" name="runOtherTest2" duration-ms="2" started-at="2016-09-26T04:01:36Z" finished-at="2016-09-26T04:01:36Z">
          <reporter-output>
          </reporter-output>
        </test-method> <!-- runOtherTest2 -->
      </class> <!-- unittesting.testng.beforeafter.TestDBConnection -->
      <class name="unittesting.testng.beforeafter.DBConfig">
        <test-method status="PASS" signature="beforeTest()[pri:0, instance:unittesting.testng.beforeafter.DBConfig@573f2bb1]" name="beforeTest" is-config="true" duration-ms="1" started-at="2016-09-26T04:01:36Z" finished-at="2016-09-26T04:01:36Z">
          <reporter-output>
          </reporter-output>
        </test-method> <!-- beforeTest -->
        <test-method status="PASS" signature="afterTest()[pri:0, instance:unittesting.testng.beforeafter.DBConfig@573f2bb1]" name="afterTest" is-config="true" duration-ms="0" started-at="2016-09-26T04:01:36Z" finished-at="2016-09-26T04:01:36Z">
          <reporter-output>
          </reporter-output>
        </test-method> <!-- afterTest -->
      </class> <!-- unittesting.testng.beforeafter.DBConfig -->
    </test> <!-- case1 -->
    <test name="case2" duration-ms="8" started-at="2016-09-26T02:01:36Z" finished-at="2016-09-26T02:01:36Z">
      <class name="unittesting.testng.beforeafter.TestDBConnection">
        <test-method status="PASS" signature="runOtherTest1()[pri:0, instance:unittesting.testng.beforeafter.TestDBConnection@4520ebad]" name="runOtherTest1" duration-ms="1" started-at="2016-09-26T04:01:36Z" finished-at="2016-09-26T04:01:36Z">
          <reporter-output>
          </reporter-output>
        </test-method> <!-- runOtherTest1 -->
        <test-method status="PASS" signature="runOtherTest2()[pri:0, instance:unittesting.testng.beforeafter.TestDBConnection@4520ebad]" name="runOtherTest2" duration-ms="2" started-at="2016-09-26T04:01:36Z" finished-at="2016-09-26T04:01:36Z">
          <reporter-output>
          </reporter-output>
        </test-method> <!-- runOtherTest2 -->
      </class> <!-- unittesting.testng.beforeafter.TestDBConnection -->
      <class name="unittesting.testng.beforeafter.DBConfig">
        <test-method status="PASS" signature="beforeSuite()[pri:0, instance:unittesting.testng.beforeafter.DBConfig@58651fd0]" name="beforeSuite" is-config="true" duration-ms="10" started-at="2016-09-26T04:01:36Z" finished-at="2016-09-26T04:01:36Z">
          <reporter-output>
          </reporter-output>
        </test-method> <!-- beforeSuite -->
        <test-method status="PASS" signature="beforeTest()[pri:0, instance:unittesting.testng.beforeafter.DBConfig@58651fd0]" name="beforeTest" is-config="true" duration-ms="1" started-at="2016-09-26T04:01:36Z" finished-at="2016-09-26T04:01:36Z">
          <reporter-output>
          </reporter-output>
        </test-method> <!-- beforeTest -->
        <test-method status="PASS" signature="afterTest()[pri:0, instance:unittesting.testng.beforeafter.DBConfig@58651fd0]" name="afterTest" is-config="true" duration-ms="0" started-at="2016-09-26T04:01:36Z" finished-at="2016-09-26T04:01:36Z">
          <reporter-output>
          </reporter-output>
        </test-method> <!-- afterTest -->
        <test-method status="PASS" signature="afterSuite()[pri:0, instance:unittesting.testng.beforeafter.DBConfig@58651fd0]" name="afterSuite" is-config="true" duration-ms="0" started-at="2016-09-26T04:01:36Z" finished-at="2016-09-26T04:01:36Z">
          <reporter-output>
          </reporter-output>
        </test-method> <!-- afterSuite -->
      </class> <!-- unittesting.testng.beforeafter.DBConfig -->
    </test> <!-- case2 -->
  </suite> <!-- TestAll -->
</testng-results>
