<?xml version="1.0" encoding="UTF-8"?>
<!-- Generated by org.testng.reporters.JUnitXMLReporter -->
<testsuite hostname="DESKTOP-G33RIEV" name="postgres" tests="4" failures="0" timestamp="26 Sep 2016 01:57:19 GMT" time="0.041" errors="0">
  <testcase name="" time="0.014" classname="unittesting.testng.groups.TestPostgres"/>
  <testcase name="" time="0.001" classname="unittesting.testng.groups.TestPostgres"/>
  <testcase name="runPostgres" time="0.002" classname="unittesting.testng.groups.TestGroup"/>
  <testcase name="runPostgres1" time="0.003" classname="unittesting.testng.groups.TestGroup"/>
</testsuite> <!-- postgres -->
